<?xml version="1.0" encoding="UTF-8"?>
<!-- Generated by org.testng.reporters.JUnitXMLReporter -->
<testsuite hostname="DESKTOP-KCH8FJO" ignored="0" name="Default test" tests="2" failures="0" timestamp="2021-10-27T19:36:12 IST" time="103.37" errors="0">
  <testcase name="runScenario" time="34.741" classname="io.cucumber.testng.AbstractTestNGCucumberTests"/>
  <testcase name="runScenario" time="64.318" classname="io.cucumber.testng.AbstractTestNGCucumberTests"/>
</testsuite> <!-- Default test -->
